<?xml version="1.0" encoding="UTF-8"?>
<robot generator="Robot 4.0.3 (Python 3.9.4 on darwin)" generated="20210618 20:58:42.237" rpa="false" schemaversion="2">
<suite id="s1" name="Input Box" source="/Users/animeshmukherjee/PycharmProjects/pythonProject/Robot_Selenium/Test_Cases/input_box.robot">
<test id="s1-t1" name="TestingInputBox">
<kw name="open browser">
<arg>${url}</arg>
<arg>${browser}</arg>
<msg timestamp="20210618 20:58:42.273" level="FAIL">No keyword with name 'open browser' found.</msg>
<status status="FAIL" starttime="20210618 20:58:42.273" endtime="20210618 20:58:42.273"/>
</kw>
<kw name="maximize browser window">
<status status="NOT RUN" starttime="20210618 20:58:42.275" endtime="20210618 20:58:42.276"/>
</kw>
<kw name="title should be">
<arg>nopCommerce demo store</arg>
<status status="NOT RUN" starttime="20210618 20:58:42.277" endtime="20210618 20:58:42.277"/>
</kw>
<kw name="click link">
<arg>xpath://a[contains(text(),'Log in')]</arg>
<status status="NOT RUN" starttime="20210618 20:58:42.279" endtime="20210618 20:58:42.279"/>
</kw>
<kw name="Set Variable" library="BuiltIn">
<var>${"email_text"}</var>
<arg>id:Email</arg>
<doc>Returns the given values which can then be assigned to a variables.</doc>
<status status="NOT RUN" starttime="20210618 20:58:42.279" endtime="20210618 20:58:42.279"/>
</kw>
<kw name="element should be visible">
<arg>${"email_txt"}</arg>
<status status="NOT RUN" starttime="20210618 20:58:42.280" endtime="20210618 20:58:42.280"/>
</kw>
<kw name="element should be enable">
<arg>${"email_txt"}</arg>
<status status="NOT RUN" starttime="20210618 20:58:42.282" endtime="20210618 20:58:42.282"/>
</kw>
<kw name="input text">
<arg>${"email_text"}</arg>
<arg>test@email.com</arg>
<status status="NOT RUN" starttime="20210618 20:58:42.284" endtime="20210618 20:58:42.284"/>
</kw>
<kw name="sleep 5">
<status status="NOT RUN" starttime="20210618 20:58:42.285" endtime="20210618 20:58:42.285"/>
</kw>
<kw name="clear element text">
<arg>${"email_text"}</arg>
<status status="NOT RUN" starttime="20210618 20:58:42.287" endtime="20210618 20:58:42.287"/>
</kw>
<status status="FAIL" starttime="20210618 20:58:42.271" endtime="20210618 20:58:42.287">No keyword with name 'open browser' found.</status>
</test>
<status status="FAIL" starttime="20210618 20:58:42.238" endtime="20210618 20:58:42.288"/>
</suite>
<statistics>
<total>
<stat pass="0" fail="1" skip="0">All Tests</stat>
</total>
<tag>
</tag>
<suite>
<stat pass="0" fail="1" skip="0" id="s1" name="Input Box">Input Box</stat>
</suite>
</statistics>
<errors>
<msg timestamp="20210618 20:58:42.271" level="ERROR">Error in file '/Users/animeshmukherjee/PycharmProjects/pythonProject/Robot_Selenium/Test_Cases/input_box.robot' on line 2: Importing library 'SeleniumLibary' failed: ModuleNotFoundError: No module named 'SeleniumLibary'
Traceback (most recent call last):
  None
PYTHONPATH:
  /Users/animeshmukherjee/OneDrive/Python_Project/Robot_Selenium/bin
  /Library/Frameworks/Python.framework/Versions/3.9/lib/python39.zip
  /Library/Frameworks/Python.framework/Versions/3.9/lib/python3.9
  /Library/Frameworks/Python.framework/Versions/3.9/lib/python3.9/lib-dynload
  /Users/animeshmukherjee/OneDrive/Python_Project/Robot_Selenium/lib/python3.9/site-packages</msg>
</errors>
</robot>
